{
  "stats": {
    "suites": 1,
    "tests": 1,
    "passes": 1,
    "pending": 0,
    "failures": 0,
    "start": "2021-07-28T12:14:05.681Z",
    "end": "2021-07-28T12:14:09.313Z",
    "duration": 3632,
    "testsRegistered": 1,
    "passPercent": 100,
    "pendingPercent": 0,
    "other": 0,
    "hasOther": false,
    "skipped": 0,
    "hasSkipped": false
  },
  "results": [
    {
      "uuid": "16de7623-77f0-4bc7-abe6-d2e303b885e5",
      "title": "",
      "fullFile": "cypress/integration/register.spec.ts",
      "file": "cypress/integration/register.spec.ts",
      "beforeHooks": [],
      "afterHooks": [],
      "tests": [],
      "suites": [
        {
          "uuid": "156fc35c-5069-448e-9c35-7b58db36902a",
          "title": "Register",
          "fullFile": "",
          "file": "",
          "beforeHooks": [],
          "afterHooks": [],
          "tests": [
            {
              "title": "should display a register page",
              "fullTitle": "Register should display a register page",
              "timedOut": null,
              "duration": 3576,
              "state": "passed",
              "speed": "slow",
              "pass": true,
              "fail": false,
              "pending": false,
              "context": null,
              "code": "cy.visit('/register');\nconst loginInput = () => cy.get('input').first();\nconst passwordInput = () => cy.get('input[type=password]').first();\nconst confirmInput = () => cy.get('input[type=password]').eq(1);\nconst birthYearInput = () => cy.get('input[type=number]');\nconst errorMessage = () => cy.get('.mb-3 div');\ncy.get('button').should('be.visible').and('be.disabled');\nloginInput().type('c');\nloginInput().clear();\nerrorMessage().should('be.visible').and('contain', 'Login is required');\nloginInput().type('ced');\nerrorMessage().should('not.exist');\npasswordInput().type('p');\npasswordInput().clear();\nerrorMessage().should('be.visible').and('contain', 'Password is required');\npasswordInput().type('pa');\nerrorMessage().should('not.exist');\nconfirmInput().type('p');\nconfirmInput().clear();\nerrorMessage().should('be.visible').and('contain', 'Confirming password is required');\nconfirmInput().type('p');\ncy.get('form').should('be.visible').and('contain', 'Your password does not match');\nconfirmInput().type('a');\nerrorMessage().should('not.exist');\nbirthYearInput().type('1');\nbirthYearInput().clear();\nerrorMessage().should('be.visible').and('contain', 'Birth year is required');\nbirthYearInput().type(`${new Date().getFullYear() + 1}`);\nerrorMessage().should('be.visible').and('contain', 'This is not a valid year');\nbirthYearInput().clear();\nbirthYearInput().type('1986');\nerrorMessage().should('not.exist');\ncy.get('form > button').click();\ncy.wait('@registerUser');\ncy.location('pathname').should('eq', '/');",
              "err": {},
              "uuid": "eeff5c43-4bfb-4f94-9098-5c53804e3f30",
              "parentUUID": "156fc35c-5069-448e-9c35-7b58db36902a",
              "isHook": false,
              "skipped": false
            }
          ],
          "suites": [],
          "passes": [
            "eeff5c43-4bfb-4f94-9098-5c53804e3f30"
          ],
          "failures": [],
          "pending": [],
          "skipped": [],
          "duration": 3576,
          "root": false,
          "rootEmpty": false,
          "_timeout": 2000
        }
      ],
      "passes": [],
      "failures": [],
      "pending": [],
      "skipped": [],
      "duration": 0,
      "root": true,
      "rootEmpty": true,
      "_timeout": 2000
    }
  ],
  "meta": {
    "mocha": {
      "version": "7.0.1"
    },
    "mochawesome": {
      "options": {
        "quiet": false,
        "reportFilename": "mochawesome",
        "saveHtml": false,
        "saveJson": true,
        "consoleReporter": "spec",
        "useInlineDiffs": false,
        "code": true
      },
      "version": "6.2.2"
    },
    "marge": {
      "options": {
        "reportDir": "results/mochawesome",
        "overwrite": false,
        "html": false,
        "json": true
      },
      "version": "5.2.0"
    }
  }
}