{
  "stats": {
    "suites": 1,
    "tests": 4,
    "passes": 4,
    "pending": 0,
    "failures": 0,
    "start": "2021-07-27T16:37:32.089Z",
    "end": "2021-07-27T16:37:33.815Z",
    "duration": 1726,
    "testsRegistered": 4,
    "passPercent": 100,
    "pendingPercent": 0,
    "other": 0,
    "hasOther": false,
    "skipped": 0,
    "hasSkipped": false
  },
  "results": [
    {
      "uuid": "c72bce94-d712-4ddb-8679-fb0a9add3d41",
      "title": "",
      "fullFile": "cypress/integration/home.spec.ts",
      "file": "cypress/integration/home.spec.ts",
      "beforeHooks": [],
      "afterHooks": [],
      "tests": [],
      "suites": [
        {
          "uuid": "f17592de-e985-4953-b600-227bb0040662",
          "title": "Ponyracer",
          "fullFile": "",
          "file": "",
          "beforeHooks": [],
          "afterHooks": [],
          "tests": [
            {
              "title": "should display title on home page",
              "fullTitle": "Ponyracer should display title on home page",
              "timedOut": null,
              "duration": 1072,
              "state": "passed",
              "speed": "slow",
              "pass": true,
              "fail": false,
              "pending": false,
              "context": null,
              "code": "cy.visit('/');\ncy.contains('h1', 'Ponyracer');\ncy.contains('small', 'Always a pleasure to bet on ponies');\ncy.get('.btn-primary').contains('Login').should('have.attr', 'href', '/login');\ncy.get('.btn-primary').contains('Register').should('have.attr', 'href', '/register');",
              "err": {},
              "uuid": "433618cd-c8f6-4045-b1b1-35a8e448a171",
              "parentUUID": "f17592de-e985-4953-b600-227bb0040662",
              "isHook": false,
              "skipped": false
            },
            {
              "title": "should display a navbar",
              "fullTitle": "Ponyracer should display a navbar",
              "timedOut": null,
              "duration": 151,
              "state": "passed",
              "speed": "slow",
              "pass": true,
              "fail": false,
              "pending": false,
              "context": null,
              "code": "cy.visit('/');\ncy.get(navbarBrand).contains('PonyRacer').should('have.attr', 'href', '/');\ncy.get(navbarLink).should('not.exist');",
              "err": {},
              "uuid": "133d964f-bc7e-4aec-b0a0-ae6224b22a27",
              "parentUUID": "f17592de-e985-4953-b600-227bb0040662",
              "isHook": false,
              "skipped": false
            },
            {
              "title": "should display a navbar collapsed on small screen",
              "fullTitle": "Ponyracer should display a navbar collapsed on small screen",
              "timedOut": null,
              "duration": 219,
              "state": "passed",
              "speed": "slow",
              "pass": true,
              "fail": false,
              "pending": false,
              "context": null,
              "code": "storeUserInLocalStorage();\ncy.viewport('iphone-6+');\ncy.visit('/');\ncy.contains(navbarBrand, 'PonyRacer');\ncy.get(navbarLink).should('not.be.visible');\n// toggle the navbar\ncy.get('.navbar-toggler').click();\ncy.get(navbarLink).should('exist');",
              "err": {},
              "uuid": "5835aae4-9174-4c68-b058-774067774cfb",
              "parentUUID": "f17592de-e985-4953-b600-227bb0040662",
              "isHook": false,
              "skipped": false
            },
            {
              "title": "should display the logged in user in navbar",
              "fullTitle": "Ponyracer should display the logged in user in navbar",
              "timedOut": null,
              "duration": 177,
              "state": "passed",
              "speed": "slow",
              "pass": true,
              "fail": false,
              "pending": false,
              "context": null,
              "code": "storeUserInLocalStorage();\ncy.visit('/races');\ncy.wait('@getRaces');\n// user stored should be displayed\ncy.get('#current-user').should('contain', 'cedric').and('contain', '1000');",
              "err": {},
              "uuid": "be1aabed-649d-441f-9ec1-837667a8ee1d",
              "parentUUID": "f17592de-e985-4953-b600-227bb0040662",
              "isHook": false,
              "skipped": false
            }
          ],
          "suites": [],
          "passes": [
            "433618cd-c8f6-4045-b1b1-35a8e448a171",
            "133d964f-bc7e-4aec-b0a0-ae6224b22a27",
            "5835aae4-9174-4c68-b058-774067774cfb",
            "be1aabed-649d-441f-9ec1-837667a8ee1d"
          ],
          "failures": [],
          "pending": [],
          "skipped": [],
          "duration": 1619,
          "root": false,
          "rootEmpty": false,
          "_timeout": 2000
        }
      ],
      "passes": [],
      "failures": [],
      "pending": [],
      "skipped": [],
      "duration": 0,
      "root": true,
      "rootEmpty": true,
      "_timeout": 2000
    }
  ],
  "meta": {
    "mocha": {
      "version": "7.0.1"
    },
    "mochawesome": {
      "options": {
        "quiet": false,
        "reportFilename": "mochawesome",
        "saveHtml": false,
        "saveJson": true,
        "consoleReporter": "spec",
        "useInlineDiffs": false,
        "code": true
      },
      "version": "6.2.2"
    },
    "marge": {
      "options": {
        "reportDir": "results/mochawesome",
        "overwrite": false,
        "html": false,
        "json": true
      },
      "version": "5.2.0"
    }
  }
}