{
  "stats": {
    "suites": 1,
    "tests": 1,
    "passes": 0,
    "pending": 0,
    "failures": 1,
    "start": "2021-07-28T12:13:56.293Z",
    "end": "2021-07-28T12:13:59.147Z",
    "duration": 2854,
    "testsRegistered": 1,
    "passPercent": 0,
    "pendingPercent": 0,
    "other": 0,
    "hasOther": false,
    "skipped": 0,
    "hasSkipped": false
  },
  "results": [
    {
      "uuid": "2fd816e8-f401-496b-9064-df5870999509",
      "title": "",
      "fullFile": "cypress/integration/live.spec.ts",
      "file": "cypress/integration/live.spec.ts",
      "beforeHooks": [],
      "afterHooks": [],
      "tests": [],
      "suites": [
        {
          "uuid": "e06bcc11-7bf3-4e1c-b729-c3278402dd40",
          "title": "Live",
          "fullFile": "",
          "file": "",
          "beforeHooks": [],
          "afterHooks": [],
          "tests": [
            {
              "title": "should display a live race",
              "fullTitle": "Live should display a live race",
              "timedOut": null,
              "duration": 2714,
              "state": "failed",
              "speed": null,
              "pass": false,
              "fail": true,
              "pending": false,
              "context": null,
              "code": "storeUserInLocalStorage();\nconst { fakeWS, wsOptions } = buildFakeWS();\ncy.visit('/races', wsOptions);\ncy.wait('@getRaces');\n// go to bet page for the first race\ncy.get('.btn-primary').first().click();\ncy.wait('@getRace');\n// bet on first pony\ncy.get('img').first().click();\ncy.wait('@betRace');\n// emulate a pending race\ncy.intercept('GET', 'api/races/12', Object.assign(Object.assign({}, race), { betPonyId: 2, status: 'PENDING' })).as('getPendingRace');\n// go to live\ncy.get('.btn-primary').first().click();\ncy.location('pathname').should('eq', '/races/12/live');\ncy.wait('@getPendingRace');\ncy.wait(1000);\nlet angular;\ncy.window().then((win) => (angular = win.ng));\nlet document;\ncy.document().then(doc => (document = doc));\n// WebSocket connection created\ncy.get('@ws')\n    .should('be.called')\n    .then(() => {\n    fakeWS.emulateRace({\n        ponies: [\n            { id: 1, name: 'Gentle Pie', color: 'YELLOW', position: 30 },\n            { id: 2, name: 'Big Soda', color: 'ORANGE', position: 80 },\n            { id: 3, name: 'Gentle Bottle', color: 'PURPLE', position: 70 },\n            { id: 4, name: 'Superb Whiskey', color: 'GREEN', position: 60 },\n            { id: 5, name: 'Fast Rainbow', color: 'BLUE', position: 30 }\n        ],\n        status: 'RUNNING'\n    });\n    // the component can be inside ng-component if it has no selector\n    const element = document.querySelector('pr-live') || document.querySelector('ng-component');\n    const liveComponent = angular.getComponent(element);\n    angular.applyChanges(liveComponent);\n});\n// race detail should be displayed\ncy.get('h1').should('contain', 'Paris');\ncy.get('img').should('have.length', 5);",
              "err": {
                "message": "TypeError: fakeWS.onmessage is not a function",
                "estack": "TypeError: fakeWS.onmessage is not a function\n    at Object.emulateRace (http://localhost:4200/__cypress/tests?p=cypress/integration/live.spec.ts:161:20)\n    at Context.eval (http://localhost:4200/__cypress/tests?p=cypress/integration/live.spec.ts:199:20)",
                "diff": null
              },
              "uuid": "45333086-4f9c-412e-b1c5-d85b69510b6f",
              "parentUUID": "e06bcc11-7bf3-4e1c-b729-c3278402dd40",
              "isHook": false,
              "skipped": false
            }
          ],
          "suites": [],
          "passes": [],
          "failures": [
            "45333086-4f9c-412e-b1c5-d85b69510b6f"
          ],
          "pending": [],
          "skipped": [],
          "duration": 2714,
          "root": false,
          "rootEmpty": false,
          "_timeout": 2000
        }
      ],
      "passes": [],
      "failures": [],
      "pending": [],
      "skipped": [],
      "duration": 0,
      "root": true,
      "rootEmpty": true,
      "_timeout": 2000
    }
  ],
  "meta": {
    "mocha": {
      "version": "7.0.1"
    },
    "mochawesome": {
      "options": {
        "quiet": false,
        "reportFilename": "mochawesome",
        "saveHtml": false,
        "saveJson": true,
        "consoleReporter": "spec",
        "useInlineDiffs": false,
        "code": true
      },
      "version": "6.2.2"
    },
    "marge": {
      "options": {
        "reportDir": "results/mochawesome",
        "overwrite": false,
        "html": false,
        "json": true
      },
      "version": "5.2.0"
    }
  }
}