{
  "stats": {
    "suites": 1,
    "tests": 1,
    "passes": 1,
    "pending": 0,
    "failures": 0,
    "start": "2021-07-28T11:03:10.994Z",
    "end": "2021-07-28T11:03:11.951Z",
    "duration": 957,
    "testsRegistered": 1,
    "passPercent": 100,
    "pendingPercent": 0,
    "other": 0,
    "hasOther": false,
    "skipped": 0,
    "hasSkipped": false
  },
  "results": [
    {
      "uuid": "48054b3a-ad6d-4152-8315-be31cee9a3a8",
      "title": "",
      "fullFile": "cypress/integration/live.spec.ts",
      "file": "cypress/integration/live.spec.ts",
      "beforeHooks": [],
      "afterHooks": [],
      "tests": [],
      "suites": [
        {
          "uuid": "356dc6b5-d042-46f0-b166-953c6ef3b837",
          "title": "Live",
          "fullFile": "",
          "file": "",
          "beforeHooks": [],
          "afterHooks": [],
          "tests": [
            {
              "title": "should display a live race",
              "fullTitle": "Live should display a live race",
              "timedOut": null,
              "duration": 948,
              "state": "passed",
              "speed": "slow",
              "pass": true,
              "fail": false,
              "pending": false,
              "context": null,
              "code": "storeUserInLocalStorage();\ncy.visit('/races/12/live');\ncy.wait('@getPendingRace');\ncy.get('h1').should('contain', 'Paris');",
              "err": {},
              "uuid": "9c36bb1f-c386-48e1-9aff-1ddcddf78e4a",
              "parentUUID": "356dc6b5-d042-46f0-b166-953c6ef3b837",
              "isHook": false,
              "skipped": false
            }
          ],
          "suites": [],
          "passes": [
            "9c36bb1f-c386-48e1-9aff-1ddcddf78e4a"
          ],
          "failures": [],
          "pending": [],
          "skipped": [],
          "duration": 948,
          "root": false,
          "rootEmpty": false,
          "_timeout": 2000
        }
      ],
      "passes": [],
      "failures": [],
      "pending": [],
      "skipped": [],
      "duration": 0,
      "root": true,
      "rootEmpty": true,
      "_timeout": 2000
    }
  ],
  "meta": {
    "mocha": {
      "version": "7.0.1"
    },
    "mochawesome": {
      "options": {
        "quiet": false,
        "reportFilename": "mochawesome",
        "saveHtml": false,
        "saveJson": true,
        "consoleReporter": "spec",
        "useInlineDiffs": false,
        "code": true
      },
      "version": "6.2.2"
    },
    "marge": {
      "options": {
        "reportDir": "results/mochawesome",
        "overwrite": false,
        "html": false,
        "json": true
      },
      "version": "5.2.0"
    }
  }
}